<?xml version="1.0" encoding="UTF-8"?>
<testsuite xmlns:xsi="http://www.w3.org/2001/XMLSchema-instance" xsi:noNamespaceSchemaLocation="https://maven.apache.org/surefire/maven-surefire-plugin/xsd/surefire-test-report-3.0.xsd" version="3.0" name="com.bank.BankAccountManagerTest" time="0.579" tests="6" errors="0" skipped="0" failures="0">
  <properties>
    <property name="java.specification.version" value="21"/>
    <property name="sun.cpu.isalist" value="amd64"/>
    <property name="sun.jnu.encoding" value="Cp1252"/>
    <property name="java.class.path" value="C:\Users\91989\BankAccountManagement\target\test-classes;C:\Users\91989\BankAccountManagement\target\classes;C:\Users\91989\.m2\repository\org\junit\jupiter\junit-jupiter\5.9.0\junit-jupiter-5.9.0.jar;C:\Users\91989\.m2\repository\org\junit\jupiter\junit-jupiter-api\5.9.0\junit-jupiter-api-5.9.0.jar;C:\Users\91989\.m2\repository\org\opentest4j\opentest4j\1.2.0\opentest4j-1.2.0.jar;C:\Users\91989\.m2\repository\org\junit\platform\junit-platform-commons\1.9.0\junit-platform-commons-1.9.0.jar;C:\Users\91989\.m2\repository\org\apiguardian\apiguardian-api\1.1.2\apiguardian-api-1.1.2.jar;C:\Users\91989\.m2\repository\org\junit\jupiter\junit-jupiter-params\5.9.0\junit-jupiter-params-5.9.0.jar;C:\Users\91989\.m2\repository\org\junit\jupiter\junit-jupiter-engine\5.9.0\junit-jupiter-engine-5.9.0.jar;C:\Users\91989\.m2\repository\org\junit\platform\junit-platform-engine\1.9.0\junit-platform-engine-1.9.0.jar;C:\Users\91989\.m2\repository\org\slf4j\slf4j-api\1.7.32\slf4j-api-1.7.32.jar;C:\Users\91989\.m2\repository\ch\qos\logback\logback-classic\1.2.6\logback-classic-1.2.6.jar;C:\Users\91989\.m2\repository\ch\qos\logback\logback-core\1.2.6\logback-core-1.2.6.jar;"/>
    <property name="java.vm.vendor" value="Oracle Corporation"/>
    <property name="sun.arch.data.model" value="64"/>
    <property name="user.variant" value=""/>
    <property name="java.vendor.url" value="https://java.oracle.com/"/>
    <property name="user.timezone" value="Asia/Calcutta"/>
    <property name="os.name" value="Windows 11"/>
    <property name="java.vm.specification.version" value="21"/>
    <property name="sun.java.launcher" value="SUN_STANDARD"/>
    <property name="user.country" value="IN"/>
    <property name="sun.boot.library.path" value="C:\Program Files\Java\jdk-21\bin"/>
    <property name="sun.java.command" value="C:\Users\91989\AppData\Local\Temp\surefire2121756947853534849\surefirebooter-20240930203511578_3.jar C:\Users\91989\AppData\Local\Temp\surefire2121756947853534849 2024-09-30T20-35-10_878-jvmRun1 surefire-20240930203511578_1tmp surefire_0-20240930203511578_2tmp"/>
    <property name="jdk.debug" value="release"/>
    <property name="surefire.test.class.path" value="C:\Users\91989\BankAccountManagement\target\test-classes;C:\Users\91989\BankAccountManagement\target\classes;C:\Users\91989\.m2\repository\org\junit\jupiter\junit-jupiter\5.9.0\junit-jupiter-5.9.0.jar;C:\Users\91989\.m2\repository\org\junit\jupiter\junit-jupiter-api\5.9.0\junit-jupiter-api-5.9.0.jar;C:\Users\91989\.m2\repository\org\opentest4j\opentest4j\1.2.0\opentest4j-1.2.0.jar;C:\Users\91989\.m2\repository\org\junit\platform\junit-platform-commons\1.9.0\junit-platform-commons-1.9.0.jar;C:\Users\91989\.m2\repository\org\apiguardian\apiguardian-api\1.1.2\apiguardian-api-1.1.2.jar;C:\Users\91989\.m2\repository\org\junit\jupiter\junit-jupiter-params\5.9.0\junit-jupiter-params-5.9.0.jar;C:\Users\91989\.m2\repository\org\junit\jupiter\junit-jupiter-engine\5.9.0\junit-jupiter-engine-5.9.0.jar;C:\Users\91989\.m2\repository\org\junit\platform\junit-platform-engine\1.9.0\junit-platform-engine-1.9.0.jar;C:\Users\91989\.m2\repository\org\slf4j\slf4j-api\1.7.32\slf4j-api-1.7.32.jar;C:\Users\91989\.m2\repository\ch\qos\logback\logback-classic\1.2.6\logback-classic-1.2.6.jar;C:\Users\91989\.m2\repository\ch\qos\logback\logback-core\1.2.6\logback-core-1.2.6.jar;"/>
    <property name="sun.cpu.endian" value="little"/>
    <property name="user.home" value="C:\Users\91989"/>
    <property name="user.language" value="en"/>
    <property name="java.specification.vendor" value="Oracle Corporation"/>
    <property name="java.version.date" value="2023-10-17"/>
    <property name="java.home" value="C:\Program Files\Java\jdk-21"/>
    <property name="file.separator" value="\"/>
    <property name="basedir" value="C:\Users\91989\BankAccountManagement"/>
    <property name="java.vm.compressedOopsMode" value="Zero based"/>
    <property name="line.separator" value="&#10;"/>
    <property name="java.vm.specification.vendor" value="Oracle Corporation"/>
    <property name="java.specification.name" value="Java Platform API Specification"/>
    <property name="surefire.real.class.path" value="C:\Users\91989\AppData\Local\Temp\surefire2121756947853534849\surefirebooter-20240930203511578_3.jar"/>
    <property name="user.script" value=""/>
    <property name="sun.management.compiler" value="HotSpot 64-Bit Tiered Compilers"/>
    <property name="java.runtime.version" value="21.0.1+12-LTS-29"/>
    <property name="user.name" value="91989"/>
    <property name="stdout.encoding" value="UTF-8"/>
    <property name="path.separator" value=";"/>
    <property name="os.version" value="10.0"/>
    <property name="java.runtime.name" value="Java(TM) SE Runtime Environment"/>
    <property name="file.encoding" value="UTF-8"/>
    <property name="java.vm.name" value="Java HotSpot(TM) 64-Bit Server VM"/>
    <property name="localRepository" value="C:\Users\91989\.m2\repository"/>
    <property name="java.vendor.url.bug" value="https://bugreport.java.com/bugreport/"/>
    <property name="java.io.tmpdir" value="C:\Users\91989\AppData\Local\Temp\"/>
    <property name="java.version" value="21.0.1"/>
    <property name="user.dir" value="C:\Users\91989\BankAccountManagement"/>
    <property name="os.arch" value="amd64"/>
    <property name="java.vm.specification.name" value="Java Virtual Machine Specification"/>
    <property name="sun.os.patch.level" value=""/>
    <property name="native.encoding" value="Cp1252"/>
    <property name="java.library.path" value="C:\Program Files\Java\jdk-21\bin;C:\WINDOWS\Sun\Java\bin;C:\WINDOWS\system32;C:\WINDOWS;C:\Users\91989\AppData\Roaming\Code\User\globalStorage\pleiades.java-extension-pack-jdk\gradle\latest\bin;C:\Users\91989\AppData\Roaming\Code\User\globalStorage\pleiades.java-extension-pack-jdk\maven\latest\bin;C:\Program Files\Java\jdk-21\bin;C:\Program Files\Common Files\Oracle\Java\javapath;C:\WINDOWS\system32;C:\WINDOWS;C:\WINDOWS\System32\Wbem;C:\WINDOWS\System32\WindowsPowerShell\v1.0\;C:\WINDOWS\System32\OpenSSH\;C:\Program Files\Git\cmd;C:\Program Files\nodejs\;C:\Users\91989\Desktop\apache-maven-3.9.6\bin;C:\Users\91989\AppData\Local\Programs\Python\Launcher\;C:\Users\91989\AppData\Local\Microsoft\WindowsApps;C:\Users\91989\AppData\Local\GitHubDesktop\bin;C:\Users\91989\AppData\Local\Programs\Microsoft VS Code\bin;C:\Users\91989\AppData\Roaming\npm;C:\Users\91989\Desktop\apache-maven-3.9.6\bin;;."/>
    <property name="java.vm.info" value="mixed mode, sharing"/>
    <property name="stderr.encoding" value="UTF-8"/>
    <property name="java.vendor" value="Oracle Corporation"/>
    <property name="java.vm.version" value="21.0.1+12-LTS-29"/>
    <property name="sun.io.unicode.encoding" value="UnicodeLittle"/>
    <property name="java.class.version" value="65.0"/>
  </properties>
  <testcase name="testCreateAccount" classname="com.bank.BankAccountManagerTest" time="0.32">
    <system-out><![CDATA[20:35:13.781 [main] INFO com.bank.BankAccount - Account created for John Doe with initial balance 1000.0
20:35:13.796 [main] INFO com.bank.BankAccountManager - Account created for John Doe with account number 12345
]]></system-out>
  </testcase>
  <testcase name="testWithdrawInsufficientFunds" classname="com.bank.BankAccountManagerTest" time="0.032">
    <system-out><![CDATA[20:35:13.883 [main] INFO com.bank.BankAccount - Account created for John Doe with initial balance 1000.0
20:35:13.885 [main] INFO com.bank.BankAccountManager - Account created for John Doe with account number 12345
]]></system-out>
  </testcase>
  <testcase name="testDepositAccountNotFound" classname="com.bank.BankAccountManagerTest" time="0.018">
    <system-out><![CDATA[20:35:13.910 [main] INFO com.bank.BankAccount - Account created for John Doe with initial balance 1000.0
20:35:13.913 [main] INFO com.bank.BankAccountManager - Account created for John Doe with account number 12345
]]></system-out>
  </testcase>
  <testcase name="testWithdraw" classname="com.bank.BankAccountManagerTest" time="0.016">
    <system-out><![CDATA[20:35:13.942 [main] INFO com.bank.BankAccount - Account created for John Doe with initial balance 1000.0
20:35:13.942 [main] INFO com.bank.BankAccountManager - Account created for John Doe with account number 12345
20:35:13.944 [main] INFO com.bank.BankAccount - Withdrew 200.0 from account 12345
]]></system-out>
  </testcase>
  <testcase name="testWithdrawAccountNotFound" classname="com.bank.BankAccountManagerTest" time="0.016">
    <system-out><![CDATA[20:35:14.012 [main] INFO com.bank.BankAccount - Account created for John Doe with initial balance 1000.0
20:35:14.014 [main] INFO com.bank.BankAccountManager - Account created for John Doe with account number 12345
]]></system-out>
  </testcase>
  <testcase name="testDeposit" classname="com.bank.BankAccountManagerTest" time="0.008">
    <system-out><![CDATA[20:35:14.030 [main] INFO com.bank.BankAccount - Account created for John Doe with initial balance 1000.0
20:35:14.031 [main] INFO com.bank.BankAccountManager - Account created for John Doe with account number 12345
20:35:14.033 [main] INFO com.bank.BankAccount - Deposited 500.0 to account 12345
]]></system-out>
  </testcase>
</testsuite>